#-----1052
&Edit,0,2
编辑(&E),0,2
0x36C27C
#-----1073
&Undo
撤消(&U)
0x42CF62
#-----1079
&Copy
复制(&C)
0x42CFC0
#-----1113
E&xit
退出(&X)
0x42D336
#-----1115
&Undo
撤消(&U)
0x42D354
#-----1121
&Copy
复制(&C)
0x42D3B2
#-----1131
&Tile
平铺(&T)
0x42D474
#-----1166
E&xit
退出(&X)
0x42D914
#-----1220
E&xit
退出(&X)
0x42E09E
#-----1303
E&xit
退出(&X)
0x42EBE8
#-----1305
&Undo
撤消(&U)
0x42EC06
#-----1311
&Copy
复制(&C)
0x42EC64
#-----1333
&Zoom...
缩放(&Z)...
0x42EE78
#-----1481
E&xit
退出(&X)
0x430256
#-----1490
&Zoom...
缩放(&Z)...
0x430342
#-----1532
&Copy
复制(&C)
0x43093A
#-----1613
E&xit
退出(&X)
0x4312D8
#-----1629
E&xit
退出(&X)
0x4314A4
#-----1675
&Name
名称(&N)
0x432008
#-----1676
&Size
字号(&S)
0x432054
#-----1832
&Text
文本(&T)
0x435152
#-----1843
&Text
文本(&T)
0x4353DA
#-----1847
T&ype
类型(&Y)
0x4354C2
#-----1850
&Text
文本(&T)
0x43554A
#-----1864
&Text
文本(&T)
0x4358A6
#-----1874
&Set
设置(&S)
0x435AEE
#-----1898
&Set
设置(&S)
0x4361CE
#-----1918
Si&ze
字号(&S)
0x4365B6
#-----1942
&Text
文本(&T)
0x436E16
#-----2011
&Text
文本(&T)
0x43805A
#-----2052
&Set
设置(&S)
0x43895A
#-----2063
&Set
设置(&S)
0x438C0A
#-----2113
&Set
设置(&S)
0x439B16
#-----2128
Fil&e:
文件(&E):
0x439F2C
#-----2193
&Set
设置(&S)
0x43B3AA
#-----2236
&Text
文本(&T)
0x43BF26
#-----2242
&Fill
填充(&F)
0x43C0A6
#-----2311
&Set
设置(&S)
0x43D74A
#-----2372
&Size
字号(&S)
0x43E60A
#-----2396
&Text
文本(&T)
0x43EE46
#-----2404
&Set
设置(&S)
0x43F06A
#-----2416
&Text
文本(&T)
0x43F2C6
#-----2568
&Text
文本(&T)
0x4422EA
#-----2571
&Text
文本(&T)
0x44236A
#-----2586
&Set
设置(&S)
0x442782
#-----2596
&Set
设置(&S)
0x4429DA
#-----2614
&Set
设置(&S)
0x442EB2
#-----2642
&Set
设置(&S)
0x443572
#-----2650
&Set
设置(&S)
0x4436FA
#-----2750
&Text
文本(&T)
0x4456FE
#-----2779
&New...
新建(&N)...
0x44633A
#-----2785
&Set
设置(&S)
0x44649A
#-----2802
&Name
名称(&N)
0x446A0C
#-----2814
Fil&e:
文件(&E):
0x446E1C
#-----2923
&Swap...
交换(&S)...
0x449846
#-----2949
&New...
新建(&N)...
0x449EF6
#-----2956
&New...
新建(&N)...
0x44A096
#-----2976
&New...
新建(&N)...
0x44A5D6
#-----2982
&New 
新建(&N)
0x44A70E
#-----3521
&Redo: %1
重做(&R): %1
0x4507E4
#-----3882
%1 in %2
%1 在 %2 中
0x45734C
